This file contains any messages produced by compilers while
running configure, to aid debugging if configure makes a mistake.

It was created by isync configure 1.1.1, which was
generated by GNU Autoconf 2.69.  Invocation command line was

  $ ./configure --prefix=/usr

## --------- ##
## Platform. ##
## --------- ##

hostname = arch
uname -m = x86_64
uname -r = 3.17.4-1-ARCH
uname -s = Linux
uname -v = #1 SMP PREEMPT Fri Nov 21 21:14:42 CET 2014

/usr/bin/uname -p = unknown
/bin/uname -X     = unknown

/bin/arch              = unknown
/usr/bin/arch -k       = unknown
/usr/convex/getsysinfo = unknown
/usr/bin/hostinfo      = unknown
/bin/machine           = unknown
/usr/bin/oslevel       = unknown
/bin/universe          = unknown

PATH: /home/tait/bin
PATH: /home/tait/perl5/bin
PATH: /usr/local/sbin
PATH: /usr/local/bin
PATH: /usr/bin
PATH: /usr/lib/jvm/default/bin
PATH: /usr/bin/site_perl
PATH: /usr/bin/vendor_perl
PATH: /usr/bin/core_perl


## ----------- ##
## Core tests. ##
## ----------- ##

configure:2201: checking for a BSD-compatible install
configure:2269: result: /usr/bin/install -c
configure:2280: checking whether build environment is sane
configure:2335: result: yes
configure:2486: checking for a thread-safe mkdir -p
configure:2525: result: /usr/bin/mkdir -p
configure:2532: checking for gawk
configure:2548: found /usr/bin/gawk
configure:2559: result: gawk
configure:2570: checking whether make sets $(MAKE)
configure:2592: result: yes
configure:2621: checking whether make supports nested variables
configure:2638: result: yes
configure:2764: checking whether to enable maintainer-specific portions of Makefiles
configure:2773: result: yes
configure:2835: checking for gcc
configure:2851: found /usr/bin/gcc
configure:2862: result: gcc
configure:3091: checking for C compiler version
configure:3100: gcc --version >&5
gcc (GCC) 4.9.2
Copyright (C) 2014 Free Software Foundation, Inc.
This is free software; see the source for copying conditions.  There is NO
warranty; not even for MERCHANTABILITY or FITNESS FOR A PARTICULAR PURPOSE.

configure:3111: $? = 0
configure:3100: gcc -v >&5
Using built-in specs.
COLLECT_GCC=gcc
COLLECT_LTO_WRAPPER=/usr/lib/gcc/x86_64-unknown-linux-gnu/4.9.2/lto-wrapper
Target: x86_64-unknown-linux-gnu
Configured with: /build/gcc/src/gcc-4.9.2/configure --prefix=/usr --libdir=/usr/lib --libexecdir=/usr/lib --mandir=/usr/share/man --infodir=/usr/share/info --with-bugurl=https://bugs.archlinux.org/ --enable-languages=c,c++,ada,fortran,go,lto,objc,obj-c++ --enable-shared --enable-threads=posix --with-system-zlib --enable-__cxa_atexit --disable-libunwind-exceptions --enable-clocale=gnu --disable-libstdcxx-pch --disable-libssp --enable-gnu-unique-object --enable-linker-build-id --enable-cloog-backend=isl --disable-isl-version-check --disable-cloog-version-check --enable-lto --enable-plugin --enable-install-libiberty --with-linker-hash-style=gnu --disable-multilib --disable-werror --enable-checking=release
Thread model: posix
gcc version 4.9.2 (GCC) 
configure:3111: $? = 0
configure:3100: gcc -V >&5
gcc: error: unrecognized command line option '-V'
gcc: fatal error: no input files
compilation terminated.
configure:3111: $? = 1
configure:3100: gcc -qversion >&5
gcc: error: unrecognized command line option '-qversion'
gcc: fatal error: no input files
compilation terminated.
configure:3111: $? = 1
configure:3131: checking whether the C compiler works
configure:3153: gcc -march=x86-64 -mtune=generic -O2 -pipe -fstack-protector-strong --param=ssp-buffer-size=4 -D_FORTIFY_SOURCE=2 -Wl,-O1,--sort-common,--as-needed,-z,relro conftest.c  >&5
configure:3157: $? = 0
configure:3205: result: yes
configure:3208: checking for C compiler default output file name
configure:3210: result: a.out
configure:3216: checking for suffix of executables
configure:3223: gcc -o conftest -march=x86-64 -mtune=generic -O2 -pipe -fstack-protector-strong --param=ssp-buffer-size=4 -D_FORTIFY_SOURCE=2 -Wl,-O1,--sort-common,--as-needed,-z,relro conftest.c  >&5
configure:3227: $? = 0
configure:3249: result: 
configure:3271: checking whether we are cross compiling
configure:3279: gcc -o conftest -march=x86-64 -mtune=generic -O2 -pipe -fstack-protector-strong --param=ssp-buffer-size=4 -D_FORTIFY_SOURCE=2 -Wl,-O1,--sort-common,--as-needed,-z,relro conftest.c  >&5
configure:3283: $? = 0
configure:3290: ./conftest
configure:3294: $? = 0
configure:3309: result: no
configure:3314: checking for suffix of object files
configure:3336: gcc -c -march=x86-64 -mtune=generic -O2 -pipe -fstack-protector-strong --param=ssp-buffer-size=4 -D_FORTIFY_SOURCE=2 conftest.c >&5
configure:3340: $? = 0
configure:3361: result: o
configure:3365: checking whether we are using the GNU C compiler
configure:3384: gcc -c -march=x86-64 -mtune=generic -O2 -pipe -fstack-protector-strong --param=ssp-buffer-size=4 -D_FORTIFY_SOURCE=2 conftest.c >&5
configure:3384: $? = 0
configure:3393: result: yes
configure:3402: checking whether gcc accepts -g
configure:3422: gcc -c -g -D_FORTIFY_SOURCE=2 conftest.c >&5
configure:3422: $? = 0
configure:3463: result: yes
configure:3480: checking for gcc option to accept ISO C89
configure:3543: gcc  -c -march=x86-64 -mtune=generic -O2 -pipe -fstack-protector-strong --param=ssp-buffer-size=4 -D_FORTIFY_SOURCE=2 conftest.c >&5
configure:3543: $? = 0
configure:3556: result: none needed
configure:3581: checking whether gcc understands -c and -o together
configure:3603: gcc -c conftest.c -o conftest2.o
configure:3606: $? = 0
configure:3603: gcc -c conftest.c -o conftest2.o
configure:3606: $? = 0
configure:3618: result: yes
configure:3646: checking for style of include used by make
configure:3674: result: GNU
configure:3700: checking dependency style of gcc
configure:3811: result: gcc3
configure:3833: checking whether strftime supports %z
configure:3855: gcc -o conftest -march=x86-64 -mtune=generic -O2 -pipe -fstack-protector-strong --param=ssp-buffer-size=4 -pipe -W -Wall -Wshadow -Wstrict-prototypes -ansi -pedantic -Wno-overlength-strings -D_FORTIFY_SOURCE=2 -D_GNU_SOURCE -Wl,-O1,--sort-common,--as-needed,-z,relro conftest.c  >&5
conftest.c: In function 'main':
conftest.c:18:5: warning: ISO C90 does not support the '%z' gnu_strftime format [-Wformat=]
     strftime(buf, sizeof(buf), "%z", localtime(&t));
     ^
configure:3855: $? = 0
configure:3855: ./conftest
configure:3855: $? = 0
configure:3865: result: yes
configure:3876: checking how to run the C preprocessor
configure:3907: gcc -E -D_FORTIFY_SOURCE=2 -D_GNU_SOURCE conftest.c
In file included from /usr/include/limits.h:25:0,
                 from /usr/lib/gcc/x86_64-unknown-linux-gnu/4.9.2/include-fixed/limits.h:168,
                 from /usr/lib/gcc/x86_64-unknown-linux-gnu/4.9.2/include-fixed/syslimits.h:7,
                 from /usr/lib/gcc/x86_64-unknown-linux-gnu/4.9.2/include-fixed/limits.h:34,
                 from conftest.c:12:
/usr/include/features.h:328:4: warning: #warning _FORTIFY_SOURCE requires compiling with optimization (-O) [-Wcpp]
 #  warning _FORTIFY_SOURCE requires compiling with optimization (-O)
    ^
configure:3907: $? = 0
configure:3921: gcc -E -D_FORTIFY_SOURCE=2 -D_GNU_SOURCE conftest.c
conftest.c:11:28: fatal error: ac_nonexistent.h: No such file or directory
 #include <ac_nonexistent.h>
                            ^
compilation terminated.
configure:3921: $? = 1
configure: failed program was:
| /* confdefs.h */
| #define PACKAGE_NAME "isync"
| #define PACKAGE_TARNAME "isync"
| #define PACKAGE_VERSION "1.1.1"
| #define PACKAGE_STRING "isync 1.1.1"
| #define PACKAGE_BUGREPORT ""
| #define PACKAGE_URL ""
| #define PACKAGE "isync"
| #define VERSION "1.1.1"
| /* end confdefs.h.  */
| #include <ac_nonexistent.h>
configure:3946: result: gcc -E
configure:3966: gcc -E -D_FORTIFY_SOURCE=2 -D_GNU_SOURCE conftest.c
In file included from /usr/include/limits.h:25:0,
                 from /usr/lib/gcc/x86_64-unknown-linux-gnu/4.9.2/include-fixed/limits.h:168,
                 from /usr/lib/gcc/x86_64-unknown-linux-gnu/4.9.2/include-fixed/syslimits.h:7,
                 from /usr/lib/gcc/x86_64-unknown-linux-gnu/4.9.2/include-fixed/limits.h:34,
                 from conftest.c:12:
/usr/include/features.h:328:4: warning: #warning _FORTIFY_SOURCE requires compiling with optimization (-O) [-Wcpp]
 #  warning _FORTIFY_SOURCE requires compiling with optimization (-O)
    ^
configure:3966: $? = 0
configure:3980: gcc -E -D_FORTIFY_SOURCE=2 -D_GNU_SOURCE conftest.c
conftest.c:11:28: fatal error: ac_nonexistent.h: No such file or directory
 #include <ac_nonexistent.h>
                            ^
compilation terminated.
configure:3980: $? = 1
configure: failed program was:
| /* confdefs.h */
| #define PACKAGE_NAME "isync"
| #define PACKAGE_TARNAME "isync"
| #define PACKAGE_VERSION "1.1.1"
| #define PACKAGE_STRING "isync 1.1.1"
| #define PACKAGE_BUGREPORT ""
| #define PACKAGE_URL ""
| #define PACKAGE "isync"
| #define VERSION "1.1.1"
| /* end confdefs.h.  */
| #include <ac_nonexistent.h>
configure:4009: checking for grep that handles long lines and -e
configure:4067: result: /usr/bin/grep
configure:4072: checking for egrep
configure:4134: result: /usr/bin/grep -E
configure:4139: checking for ANSI C header files
configure:4159: gcc -c -march=x86-64 -mtune=generic -O2 -pipe -fstack-protector-strong --param=ssp-buffer-size=4 -pipe -W -Wall -Wshadow -Wstrict-prototypes -ansi -pedantic -Wno-overlength-strings -D_FORTIFY_SOURCE=2 -D_GNU_SOURCE conftest.c >&5
conftest.c:17:1: warning: function declaration isn't a prototype [-Wstrict-prototypes]
 main ()
 ^
configure:4159: $? = 0
In file included from /usr/include/string.h:25:0,
                 from conftest.c:11:
/usr/include/features.h:328:4: warning: #warning _FORTIFY_SOURCE requires compiling with optimization (-O) [-Wcpp]
 #  warning _FORTIFY_SOURCE requires compiling with optimization (-O)
    ^
In file included from /usr/include/stdlib.h:24:0,
                 from conftest.c:11:
/usr/include/features.h:328:4: warning: #warning _FORTIFY_SOURCE requires compiling with optimization (-O) [-Wcpp]
 #  warning _FORTIFY_SOURCE requires compiling with optimization (-O)
    ^
configure:4232: gcc -o conftest -march=x86-64 -mtune=generic -O2 -pipe -fstack-protector-strong --param=ssp-buffer-size=4 -pipe -W -Wall -Wshadow -Wstrict-prototypes -ansi -pedantic -Wno-overlength-strings -D_FORTIFY_SOURCE=2 -D_GNU_SOURCE -Wl,-O1,--sort-common,--as-needed,-z,relro conftest.c  >&5
conftest.c:23:1: warning: function declaration isn't a prototype [-Wstrict-prototypes]
 main ()
 ^
configure:4232: $? = 0
configure:4232: ./conftest
configure:4232: $? = 0
configure:4243: result: yes
configure:4256: checking for sys/types.h
configure:4256: gcc -c -march=x86-64 -mtune=generic -O2 -pipe -fstack-protector-strong --param=ssp-buffer-size=4 -pipe -W -Wall -Wshadow -Wstrict-prototypes -ansi -pedantic -Wno-overlength-strings -D_FORTIFY_SOURCE=2 -D_GNU_SOURCE conftest.c >&5
configure:4256: $? = 0
configure:4256: result: yes
configure:4256: checking for sys/stat.h
configure:4256: gcc -c -march=x86-64 -mtune=generic -O2 -pipe -fstack-protector-strong --param=ssp-buffer-size=4 -pipe -W -Wall -Wshadow -Wstrict-prototypes -ansi -pedantic -Wno-overlength-strings -D_FORTIFY_SOURCE=2 -D_GNU_SOURCE conftest.c >&5
configure:4256: $? = 0
configure:4256: result: yes
configure:4256: checking for stdlib.h
configure:4256: gcc -c -march=x86-64 -mtune=generic -O2 -pipe -fstack-protector-strong --param=ssp-buffer-size=4 -pipe -W -Wall -Wshadow -Wstrict-prototypes -ansi -pedantic -Wno-overlength-strings -D_FORTIFY_SOURCE=2 -D_GNU_SOURCE conftest.c >&5
configure:4256: $? = 0
configure:4256: result: yes
configure:4256: checking for string.h
configure:4256: gcc -c -march=x86-64 -mtune=generic -O2 -pipe -fstack-protector-strong --param=ssp-buffer-size=4 -pipe -W -Wall -Wshadow -Wstrict-prototypes -ansi -pedantic -Wno-overlength-strings -D_FORTIFY_SOURCE=2 -D_GNU_SOURCE conftest.c >&5
configure:4256: $? = 0
configure:4256: result: yes
configure:4256: checking for memory.h
configure:4256: gcc -c -march=x86-64 -mtune=generic -O2 -pipe -fstack-protector-strong --param=ssp-buffer-size=4 -pipe -W -Wall -Wshadow -Wstrict-prototypes -ansi -pedantic -Wno-overlength-strings -D_FORTIFY_SOURCE=2 -D_GNU_SOURCE conftest.c >&5
configure:4256: $? = 0
configure:4256: result: yes
configure:4256: checking for strings.h
configure:4256: gcc -c -march=x86-64 -mtune=generic -O2 -pipe -fstack-protector-strong --param=ssp-buffer-size=4 -pipe -W -Wall -Wshadow -Wstrict-prototypes -ansi -pedantic -Wno-overlength-strings -D_FORTIFY_SOURCE=2 -D_GNU_SOURCE conftest.c >&5
configure:4256: $? = 0
configure:4256: result: yes
configure:4256: checking for inttypes.h
configure:4256: gcc -c -march=x86-64 -mtune=generic -O2 -pipe -fstack-protector-strong --param=ssp-buffer-size=4 -pipe -W -Wall -Wshadow -Wstrict-prototypes -ansi -pedantic -Wno-overlength-strings -D_FORTIFY_SOURCE=2 -D_GNU_SOURCE conftest.c >&5
configure:4256: $? = 0
configure:4256: result: yes
configure:4256: checking for stdint.h
configure:4256: gcc -c -march=x86-64 -mtune=generic -O2 -pipe -fstack-protector-strong --param=ssp-buffer-size=4 -pipe -W -Wall -Wshadow -Wstrict-prototypes -ansi -pedantic -Wno-overlength-strings -D_FORTIFY_SOURCE=2 -D_GNU_SOURCE conftest.c >&5
configure:4256: $? = 0
configure:4256: result: yes
configure:4256: checking for unistd.h
configure:4256: gcc -c -march=x86-64 -mtune=generic -O2 -pipe -fstack-protector-strong --param=ssp-buffer-size=4 -pipe -W -Wall -Wshadow -Wstrict-prototypes -ansi -pedantic -Wno-overlength-strings -D_FORTIFY_SOURCE=2 -D_GNU_SOURCE conftest.c >&5
configure:4256: $? = 0
configure:4256: result: yes
configure:4271: checking sys/poll.h usability
configure:4271: gcc -c -march=x86-64 -mtune=generic -O2 -pipe -fstack-protector-strong --param=ssp-buffer-size=4 -pipe -W -Wall -Wshadow -Wstrict-prototypes -ansi -pedantic -Wno-overlength-strings -D_FORTIFY_SOURCE=2 -D_GNU_SOURCE conftest.c >&5
configure:4271: $? = 0
configure:4271: result: yes
configure:4271: checking sys/poll.h presence
configure:4271: gcc -E -D_FORTIFY_SOURCE=2 -D_GNU_SOURCE conftest.c
In file included from /usr/include/sys/poll.h:22:0,
                 from conftest.c:21:
/usr/include/features.h:328:4: warning: #warning _FORTIFY_SOURCE requires compiling with optimization (-O) [-Wcpp]
 #  warning _FORTIFY_SOURCE requires compiling with optimization (-O)
    ^
configure:4271: $? = 0
configure:4271: result: yes
configure:4271: checking for sys/poll.h
configure:4271: result: yes
configure:4271: checking sys/select.h usability
configure:4271: gcc -c -march=x86-64 -mtune=generic -O2 -pipe -fstack-protector-strong --param=ssp-buffer-size=4 -pipe -W -Wall -Wshadow -Wstrict-prototypes -ansi -pedantic -Wno-overlength-strings -D_FORTIFY_SOURCE=2 -D_GNU_SOURCE conftest.c >&5
configure:4271: $? = 0
configure:4271: result: yes
configure:4271: checking sys/select.h presence
configure:4271: gcc -E -D_FORTIFY_SOURCE=2 -D_GNU_SOURCE conftest.c
In file included from /usr/include/sys/select.h:24:0,
                 from conftest.c:22:
/usr/include/features.h:328:4: warning: #warning _FORTIFY_SOURCE requires compiling with optimization (-O) [-Wcpp]
 #  warning _FORTIFY_SOURCE requires compiling with optimization (-O)
    ^
configure:4271: $? = 0
configure:4271: result: yes
configure:4271: checking for sys/select.h
configure:4271: result: yes
configure:4284: checking for vasprintf
configure:4284: gcc -o conftest -march=x86-64 -mtune=generic -O2 -pipe -fstack-protector-strong --param=ssp-buffer-size=4 -pipe -W -Wall -Wshadow -Wstrict-prototypes -ansi -pedantic -Wno-overlength-strings -D_FORTIFY_SOURCE=2 -D_GNU_SOURCE -Wl,-O1,--sort-common,--as-needed,-z,relro conftest.c  >&5
conftest.c:46:1: warning: function declaration isn't a prototype [-Wstrict-prototypes]
 char vasprintf ();
 ^
conftest.c:55:1: warning: function declaration isn't a prototype [-Wstrict-prototypes]
 main ()
 ^
configure:4284: $? = 0
configure:4284: result: yes
configure:4284: checking for memrchr
configure:4284: gcc -o conftest -march=x86-64 -mtune=generic -O2 -pipe -fstack-protector-strong --param=ssp-buffer-size=4 -pipe -W -Wall -Wshadow -Wstrict-prototypes -ansi -pedantic -Wno-overlength-strings -D_FORTIFY_SOURCE=2 -D_GNU_SOURCE -Wl,-O1,--sort-common,--as-needed,-z,relro conftest.c  >&5
conftest.c:47:1: warning: function declaration isn't a prototype [-Wstrict-prototypes]
 char memrchr ();
 ^
conftest.c:56:1: warning: function declaration isn't a prototype [-Wstrict-prototypes]
 main ()
 ^
configure:4284: $? = 0
configure:4284: result: yes
configure:4284: checking for timegm
configure:4284: gcc -o conftest -march=x86-64 -mtune=generic -O2 -pipe -fstack-protector-strong --param=ssp-buffer-size=4 -pipe -W -Wall -Wshadow -Wstrict-prototypes -ansi -pedantic -Wno-overlength-strings -D_FORTIFY_SOURCE=2 -D_GNU_SOURCE -Wl,-O1,--sort-common,--as-needed,-z,relro conftest.c  >&5
conftest.c:48:1: warning: function declaration isn't a prototype [-Wstrict-prototypes]
 char timegm ();
 ^
conftest.c:57:1: warning: function declaration isn't a prototype [-Wstrict-prototypes]
 main ()
 ^
configure:4284: $? = 0
configure:4284: result: yes
configure:4294: checking for socket in -lsocket
configure:4319: gcc -o conftest -march=x86-64 -mtune=generic -O2 -pipe -fstack-protector-strong --param=ssp-buffer-size=4 -pipe -W -Wall -Wshadow -Wstrict-prototypes -ansi -pedantic -Wno-overlength-strings -D_FORTIFY_SOURCE=2 -D_GNU_SOURCE -Wl,-O1,--sort-common,--as-needed,-z,relro conftest.c -lsocket   >&5
conftest.c:33:1: warning: function declaration isn't a prototype [-Wstrict-prototypes]
 char socket ();
 ^
conftest.c:35:1: warning: function declaration isn't a prototype [-Wstrict-prototypes]
 main ()
 ^
/usr/bin/ld: cannot find -lsocket
collect2: error: ld returned 1 exit status
configure:4319: $? = 1
configure: failed program was:
| /* confdefs.h */
| #define PACKAGE_NAME "isync"
| #define PACKAGE_TARNAME "isync"
| #define PACKAGE_VERSION "1.1.1"
| #define PACKAGE_STRING "isync 1.1.1"
| #define PACKAGE_BUGREPORT ""
| #define PACKAGE_URL ""
| #define PACKAGE "isync"
| #define VERSION "1.1.1"
| #define STDC_HEADERS 1
| #define HAVE_SYS_TYPES_H 1
| #define HAVE_SYS_STAT_H 1
| #define HAVE_STDLIB_H 1
| #define HAVE_STRING_H 1
| #define HAVE_MEMORY_H 1
| #define HAVE_STRINGS_H 1
| #define HAVE_INTTYPES_H 1
| #define HAVE_STDINT_H 1
| #define HAVE_UNISTD_H 1
| #define HAVE_SYS_POLL_H 1
| #define HAVE_SYS_SELECT_H 1
| #define HAVE_VASPRINTF 1
| #define HAVE_MEMRCHR 1
| #define HAVE_TIMEGM 1
| /* end confdefs.h.  */
| 
| /* Override any GCC internal prototype to avoid an error.
|    Use char because int might match the return type of a GCC
|    builtin and then its argument prototype would still apply.  */
| #ifdef __cplusplus
| extern "C"
| #endif
| char socket ();
| int
| main ()
| {
| return socket ();
|   ;
|   return 0;
| }
configure:4328: result: no
configure:4334: checking for inet_ntoa in -lnsl
configure:4359: gcc -o conftest -march=x86-64 -mtune=generic -O2 -pipe -fstack-protector-strong --param=ssp-buffer-size=4 -pipe -W -Wall -Wshadow -Wstrict-prototypes -ansi -pedantic -Wno-overlength-strings -D_FORTIFY_SOURCE=2 -D_GNU_SOURCE -Wl,-O1,--sort-common,--as-needed,-z,relro conftest.c -lnsl   >&5
conftest.c:33:1: warning: function declaration isn't a prototype [-Wstrict-prototypes]
 char inet_ntoa ();
 ^
conftest.c:35:1: warning: function declaration isn't a prototype [-Wstrict-prototypes]
 main ()
 ^
configure:4359: $? = 0
configure:4368: result: yes
configure:4382: checking for getaddrinfo
configure:4382: gcc -o conftest -march=x86-64 -mtune=generic -O2 -pipe -fstack-protector-strong --param=ssp-buffer-size=4 -pipe -W -Wall -Wshadow -Wstrict-prototypes -ansi -pedantic -Wno-overlength-strings -D_FORTIFY_SOURCE=2 -D_GNU_SOURCE -Wl,-O1,--sort-common,--as-needed,-z,relro  -lnsl conftest.c  >&5
conftest.c:49:1: warning: function declaration isn't a prototype [-Wstrict-prototypes]
 char getaddrinfo ();
 ^
conftest.c:58:1: warning: function declaration isn't a prototype [-Wstrict-prototypes]
 main ()
 ^
configure:4382: $? = 0
configure:4382: result: yes
configure:4382: checking for inet_ntop
configure:4382: gcc -o conftest -march=x86-64 -mtune=generic -O2 -pipe -fstack-protector-strong --param=ssp-buffer-size=4 -pipe -W -Wall -Wshadow -Wstrict-prototypes -ansi -pedantic -Wno-overlength-strings -D_FORTIFY_SOURCE=2 -D_GNU_SOURCE -Wl,-O1,--sort-common,--as-needed,-z,relro  -lnsl conftest.c  >&5
conftest.c:50:1: warning: function declaration isn't a prototype [-Wstrict-prototypes]
 char inet_ntop ();
 ^
conftest.c:59:1: warning: function declaration isn't a prototype [-Wstrict-prototypes]
 main ()
 ^
configure:4382: $? = 0
configure:4382: result: yes
configure:4412: checking for pkg-config
configure:4431: found /usr/bin/pkg-config
configure:4444: result: /usr/bin/pkg-config
configure:4453: checking OpenSSL presence with pkg-config
configure:4460: result: found
configure:4601: checking openssl/ssl.h usability
configure:4601: gcc -c -march=x86-64 -mtune=generic -O2 -pipe -fstack-protector-strong --param=ssp-buffer-size=4 -pipe -W -Wall -Wshadow -Wstrict-prototypes -ansi -pedantic -Wno-overlength-strings -D_FORTIFY_SOURCE=2 -D_GNU_SOURCE  conftest.c >&5
configure:4601: $? = 0
configure:4601: result: yes
configure:4601: checking openssl/ssl.h presence
configure:4601: gcc -E -D_FORTIFY_SOURCE=2 -D_GNU_SOURCE  conftest.c
In file included from /usr/include/stdlib.h:24:0,
                 from /usr/include/openssl/crypto.h:120,
                 from /usr/include/openssl/comp.h:5,
                 from /usr/include/openssl/ssl.h:149,
                 from conftest.c:29:
/usr/include/features.h:328:4: warning: #warning _FORTIFY_SOURCE requires compiling with optimization (-O) [-Wcpp]
 #  warning _FORTIFY_SOURCE requires compiling with optimization (-O)
    ^
configure:4601: $? = 0
configure:4601: result: yes
configure:4601: checking for openssl/ssl.h
configure:4601: result: yes
configure:4625: checking for Berkley DB >= 4.2
configure:4644: gcc -o conftest -march=x86-64 -mtune=generic -O2 -pipe -fstack-protector-strong --param=ssp-buffer-size=4 -pipe -W -Wall -Wshadow -Wstrict-prototypes -ansi -pedantic -Wno-overlength-strings -D_FORTIFY_SOURCE=2 -D_GNU_SOURCE  -Wl,-O1,--sort-common,--as-needed,-z,relro  conftest.c  >&5
conftest.c:32:1: warning: function declaration isn't a prototype [-Wstrict-prototypes]
 main ()
 ^
conftest.c: In function 'main':
conftest.c:35:12: warning: 'db' is used uninitialized in this function [-Wuninitialized]
          db->truncate(db, 0, 0, 0);
            ^
configure:4644: $? = 0
configure:4650: result: yes
configure:4664: checking for getopt_long
configure:4664: gcc -o conftest -march=x86-64 -mtune=generic -O2 -pipe -fstack-protector-strong --param=ssp-buffer-size=4 -pipe -W -Wall -Wshadow -Wstrict-prototypes -ansi -pedantic -Wno-overlength-strings -D_FORTIFY_SOURCE=2 -D_GNU_SOURCE  -Wl,-O1,--sort-common,--as-needed,-z,relro  conftest.c  >&5
conftest.c:53:1: warning: function declaration isn't a prototype [-Wstrict-prototypes]
 char getopt_long ();
 ^
conftest.c:62:1: warning: function declaration isn't a prototype [-Wstrict-prototypes]
 main ()
 ^
configure:4664: $? = 0
configure:4664: result: yes
configure:4794: checking that generated files are newer than configure
configure:4800: result: done
configure:4831: creating ./config.status

## ---------------------- ##
## Running config.status. ##
## ---------------------- ##

This file was extended by isync config.status 1.1.1, which was
generated by GNU Autoconf 2.69.  Invocation command line was

  CONFIG_FILES    = 
  CONFIG_HEADERS  = 
  CONFIG_LINKS    = 
  CONFIG_COMMANDS = 
  $ ./config.status 

on arch

config.status:874: creating Makefile
config.status:874: creating src/Makefile
config.status:874: creating src/compat/Makefile
config.status:874: creating isync.spec
config.status:874: creating autodefs.h
config.status:1103: executing depfiles commands
configure:6154: result:
Using SSL


## ---------------- ##
## Cache variables. ##
## ---------------- ##

ac_cv_berkdb4=yes
ac_cv_c_compiler_gnu=yes
ac_cv_env_CC_set=
ac_cv_env_CC_value=
ac_cv_env_CFLAGS_set=set
ac_cv_env_CFLAGS_value='-march=x86-64 -mtune=generic -O2 -pipe -fstack-protector-strong --param=ssp-buffer-size=4'
ac_cv_env_CPPFLAGS_set=set
ac_cv_env_CPPFLAGS_value=-D_FORTIFY_SOURCE=2
ac_cv_env_CPP_set=
ac_cv_env_CPP_value=
ac_cv_env_LDFLAGS_set=set
ac_cv_env_LDFLAGS_value=-Wl,-O1,--sort-common,--as-needed,-z,relro
ac_cv_env_LIBS_set=
ac_cv_env_LIBS_value=
ac_cv_env_build_alias_set=
ac_cv_env_build_alias_value=
ac_cv_env_host_alias_set=
ac_cv_env_host_alias_value=
ac_cv_env_target_alias_set=
ac_cv_env_target_alias_value=
ac_cv_func_getaddrinfo=yes
ac_cv_func_getopt_long=yes
ac_cv_func_inet_ntop=yes
ac_cv_func_memrchr=yes
ac_cv_func_timegm=yes
ac_cv_func_vasprintf=yes
ac_cv_header_inttypes_h=yes
ac_cv_header_memory_h=yes
ac_cv_header_openssl_ssl_h=yes
ac_cv_header_stdc=yes
ac_cv_header_stdint_h=yes
ac_cv_header_stdlib_h=yes
ac_cv_header_string_h=yes
ac_cv_header_strings_h=yes
ac_cv_header_sys_poll_h=yes
ac_cv_header_sys_select_h=yes
ac_cv_header_sys_stat_h=yes
ac_cv_header_sys_types_h=yes
ac_cv_header_unistd_h=yes
ac_cv_lib_nsl_inet_ntoa=yes
ac_cv_lib_socket_socket=no
ac_cv_objext=o
ac_cv_path_EGREP='/usr/bin/grep -E'
ac_cv_path_GREP=/usr/bin/grep
ac_cv_path_PKGCONFIG=/usr/bin/pkg-config
ac_cv_path_install='/usr/bin/install -c'
ac_cv_path_mkdir=/usr/bin/mkdir
ac_cv_prog_AWK=gawk
ac_cv_prog_CPP='gcc -E'
ac_cv_prog_ac_ct_CC=gcc
ac_cv_prog_cc_c89=
ac_cv_prog_cc_g=yes
ac_cv_prog_make_make_set=yes
am_cv_CC_dependencies_compiler_type=gcc3
am_cv_make_support_nested_variables=yes
am_cv_prog_cc_c_o=yes
ob_cv_strftime_z=yes

## ----------------- ##
## Output variables. ##
## ----------------- ##

ACLOCAL='${SHELL} /tmp/yaourt-tmp-tait/aur-isync/src/isync-1.1.1/missing aclocal-1.14'
AMDEPBACKSLASH='\'
AMDEP_FALSE='#'
AMDEP_TRUE=''
AMTAR='$${TAR-tar}'
AM_BACKSLASH='\'
AM_DEFAULT_V='$(AM_DEFAULT_VERBOSITY)'
AM_DEFAULT_VERBOSITY='1'
AM_V='$(V)'
AUTOCONF='${SHELL} /tmp/yaourt-tmp-tait/aur-isync/src/isync-1.1.1/missing autoconf'
AUTOHEADER='${SHELL} /tmp/yaourt-tmp-tait/aur-isync/src/isync-1.1.1/missing autoheader'
AUTOMAKE='${SHELL} /tmp/yaourt-tmp-tait/aur-isync/src/isync-1.1.1/missing automake-1.14'
AWK='gawk'
CC='gcc'
CCDEPMODE='depmode=gcc3'
CFLAGS='-march=x86-64 -mtune=generic -O2 -pipe -fstack-protector-strong --param=ssp-buffer-size=4 -pipe -W -Wall -Wshadow -Wstrict-prototypes -ansi -pedantic -Wno-overlength-strings'
CPP='gcc -E'
CPPFLAGS='-D_FORTIFY_SOURCE=2 -D_GNU_SOURCE '
CYGPATH_W='echo'
DEFS='-DHAVE_CONFIG_H'
DEPDIR='.deps'
ECHO_C=''
ECHO_N='-n'
ECHO_T=''
EGREP='/usr/bin/grep -E'
EXEEXT=''
GREP='/usr/bin/grep'
INSTALL_DATA='${INSTALL} -m 644'
INSTALL_PROGRAM='${INSTALL}'
INSTALL_SCRIPT='${INSTALL}'
INSTALL_STRIP_PROGRAM='$(install_sh) -c -s'
LDFLAGS='-Wl,-O1,--sort-common,--as-needed,-z,relro '
LIBOBJS=''
LIBS=''
LTLIBOBJS=''
MAINT=''
MAINTAINER_MODE_FALSE='#'
MAINTAINER_MODE_TRUE=''
MAKEINFO='${SHELL} /tmp/yaourt-tmp-tait/aur-isync/src/isync-1.1.1/missing makeinfo'
MKDIR_P='/usr/bin/mkdir -p'
OBJEXT='o'
PACKAGE='isync'
PACKAGE_BUGREPORT=''
PACKAGE_NAME='isync'
PACKAGE_STRING='isync 1.1.1'
PACKAGE_TARNAME='isync'
PACKAGE_URL=''
PACKAGE_VERSION='1.1.1'
PATH_SEPARATOR=':'
PKGCONFIG='/usr/bin/pkg-config'
SET_MAKE=''
SHELL='/bin/sh'
SOCK_LIBS=' -lnsl'
SSL_LIBS='-lssl -lcrypto '
STRIP=''
VERSION='1.1.1'
ac_ct_CC='gcc'
am__EXEEXT_FALSE=''
am__EXEEXT_TRUE='#'
am__fastdepCC_FALSE='#'
am__fastdepCC_TRUE=''
am__include='include'
am__isrc=''
am__leading_dot='.'
am__nodep='_no'
am__quote=''
am__tar='$${TAR-tar} chof - "$$tardir"'
am__untar='$${TAR-tar} xf -'
bindir='${exec_prefix}/bin'
build_alias=''
datadir='${datarootdir}'
datarootdir='${prefix}/share'
docdir='${datarootdir}/doc/${PACKAGE_TARNAME}'
dvidir='${docdir}'
exec_prefix='${prefix}'
host_alias=''
htmldir='${docdir}'
includedir='${prefix}/include'
infodir='${datarootdir}/info'
install_sh='${SHELL} /tmp/yaourt-tmp-tait/aur-isync/src/isync-1.1.1/install-sh'
libdir='${exec_prefix}/lib'
libexecdir='${exec_prefix}/libexec'
localedir='${datarootdir}/locale'
localstatedir='${prefix}/var'
mandir='${datarootdir}/man'
mkdir_p='$(MKDIR_P)'
oldincludedir='/usr/include'
pdfdir='${docdir}'
prefix='/usr'
program_transform_name='s,x,x,'
psdir='${docdir}'
sbindir='${exec_prefix}/sbin'
sharedstatedir='${prefix}/com'
sysconfdir='${prefix}/etc'
target_alias=''
with_compat_FALSE='#'
with_compat_TRUE=''

## ----------- ##
## confdefs.h. ##
## ----------- ##

/* confdefs.h */
#define PACKAGE_NAME "isync"
#define PACKAGE_TARNAME "isync"
#define PACKAGE_VERSION "1.1.1"
#define PACKAGE_STRING "isync 1.1.1"
#define PACKAGE_BUGREPORT ""
#define PACKAGE_URL ""
#define PACKAGE "isync"
#define VERSION "1.1.1"
#define STDC_HEADERS 1
#define HAVE_SYS_TYPES_H 1
#define HAVE_SYS_STAT_H 1
#define HAVE_STDLIB_H 1
#define HAVE_STRING_H 1
#define HAVE_MEMORY_H 1
#define HAVE_STRINGS_H 1
#define HAVE_INTTYPES_H 1
#define HAVE_STDINT_H 1
#define HAVE_UNISTD_H 1
#define HAVE_SYS_POLL_H 1
#define HAVE_SYS_SELECT_H 1
#define HAVE_VASPRINTF 1
#define HAVE_MEMRCHR 1
#define HAVE_TIMEGM 1
#define HAVE_GETADDRINFO 1
#define HAVE_INET_NTOP 1
#define HAVE_IPV6 1
#define HAVE_LIBSSL 1
#define HAVE_GETOPT_LONG 1

configure: exit 0
